Using pre-set license
Built from '2020.3/release' branch; Version is '2020.3.1f1 (77a89f25062f) revision 7841951'; Using compiler version '192528614'; Build Type 'Release'
OS: 'Windows 10 Home; OS build 19043.1110; Version 2009; 64bit' Language: 'en' Physical Memory: 32698 MB
BatchMode: 1, IsHumanControllingUs: 0, StartBugReporterOnCrash: 0, Is64bit: 1, IsPro: 0

 COMMAND LINE ARGUMENTS:
C:\Program Files\Unity\2020.3.1f1\Editor\Unity.exe
-adb2
-batchMode
-noUpm
-name
AssetImportWorker0
-projectPath
D:/Unity/Jam Games/Relay-Jam-1-Take-Two/Relay Jam #1 Unity Project
-logFile
Logs/AssetImportWorker0.log
-srvPort
1049
Successfully changed project path to: D:/Unity/Jam Games/Relay-Jam-1-Take-Two/Relay Jam #1 Unity Project
D:/Unity/Jam Games/Relay-Jam-1-Take-Two/Relay Jam #1 Unity Project
Using Asset Import Pipeline V2.
Refreshing native plugins compatible for Editor in 45.12 ms, found 1 plugins.
Preloading 0 native plugins for Editor in 0.00 ms.
Initialize engine version: 2020.3.1f1 (77a89f25062f)
[Subsystems] Discovering subsystems at path C:/Program Files/Unity/2020.3.1f1/Editor/Data/Resources/UnitySubsystems
[Subsystems] Discovering subsystems at path D:/Unity/Jam Games/Relay-Jam-1-Take-Two/Relay Jam #1 Unity Project/Assets
GfxDevice: creating device client; threaded=0
Direct3D:
    Version:  Direct3D 11.0 [level 11.1]
    Renderer: NVIDIA GeForce GTX 1080 (ID=0x1b80)
    Vendor:   
    VRAM:     8079 MB
    Driver:   27.21.14.6627
Initialize mono
Mono path[0] = 'C:/Program Files/Unity/2020.3.1f1/Editor/Data/Managed'
Mono path[1] = 'C:/Program Files/Unity/2020.3.1f1/Editor/Data/MonoBleedingEdge/lib/mono/unityjit'
Mono config path = 'C:/Program Files/Unity/2020.3.1f1/Editor/Data/MonoBleedingEdge/etc'
Using monoOptions --debugger-agent=transport=dt_socket,embedding=1,server=y,suspend=n,address=127.0.0.1:56472
Begin MonoManager ReloadAssembly
Registering precompiled unity dll's ...
Register platform support module: C:/Program Files/Unity/2020.3.1f1/Editor/Data/PlaybackEngines/WebGLSupport/UnityEditor.WebGL.Extensions.dll
Register platform support module: C:/Program Files/Unity/2020.3.1f1/Editor/Data/PlaybackEngines/MacStandaloneSupport/UnityEditor.OSXStandalone.Extensions.dll
Register platform support module: C:/Program Files/Unity/2020.3.1f1/Editor/Data/PlaybackEngines/WindowsStandaloneSupport/UnityEditor.WindowsStandalone.Extensions.dll
Register platform support module: C:/Program Files/Unity/2020.3.1f1/Editor/Data/PlaybackEngines/LinuxStandaloneSupport/UnityEditor.LinuxStandalone.Extensions.dll
Registered in 0.004130 seconds.
Native extension for LinuxStandalone target not found
Native extension for WindowsStandalone target not found
Native extension for OSXStandalone target not found
Native extension for WebGL target not found
Refreshing native plugins compatible for Editor in 43.62 ms, found 1 plugins.
Preloading 0 native plugins for Editor in 0.00 ms.
Invoked RoslynAnalysisRunner static constructor.
RoslynAnalysisRunner will not be running.
RoslynAnalysisRunner has terminated.
Mono: successfully reloaded assembly
- Completed reload, in  1.209 seconds
Platform modules already initialized, skipping
Registering precompiled user dll's ...
Registered in 0.004326 seconds.
Begin MonoManager ReloadAssembly
Native extension for LinuxStandalone target not found
Native extension for WindowsStandalone target not found
Native extension for OSXStandalone target not found
Native extension for WebGL target not found
Refreshing native plugins compatible for Editor in 42.59 ms, found 1 plugins.
Preloading 0 native plugins for Editor in 0.00 ms.
Invoked RoslynAnalysisRunner static constructor.
RoslynAnalysisRunner will not be running.
RoslynAnalysisRunner has terminated.
Mono: successfully reloaded assembly
- Completed reload, in  1.014 seconds
Platform modules already initialized, skipping
========================================================================
Worker process is ready to serve import requests
Launched and connected shader compiler UnityShaderCompiler.exe after 0.06 seconds
Refreshing native plugins compatible for Editor in 0.37 ms, found 1 plugins.
Preloading 0 native plugins for Editor in 0.00 ms.
Unloading 2042 Unused Serialized files (Serialized files now loaded: 0)
System memory in use before: 94.5 MB.
System memory in use after: 94.6 MB.

Unloading 26 unused Assets to reduce memory usage. Loaded Objects now: 2501.
Total: 1.967000 ms (FindLiveObjects: 0.163300 ms CreateObjectMapping: 0.071000 ms MarkObjects: 1.671200 ms  DeleteObjects: 0.060600 ms)

========================================================================
Received Import Request.
  path: Assets/Art/Images/art-8x56-56x48.png
  artifactKey: Guid(c35122db79ed14275b8a9a701a0042e2) Importer(815301076,1909f56bfc062723c751e8b465ee728b)
Start importing Assets/Art/Images/art-8x56-56x48.png using Guid(c35122db79ed14275b8a9a701a0042e2) Importer(815301076,1909f56bfc062723c751e8b465ee728b)  -> (artifact id: '7effef1481dd97463d6483e8a2064f7f') in 0.162596 seconds
  Import took 0.166190 seconds .

========================================================================
Received Import Request.
  Time since last request: 58.221507 seconds.
  path: Assets/Art/Images/art-8x56-56x48.png
  artifactKey: Guid(c35122db79ed14275b8a9a701a0042e2) Importer(815301076,1909f56bfc062723c751e8b465ee728b)
Start importing Assets/Art/Images/art-8x56-56x48.png using Guid(c35122db79ed14275b8a9a701a0042e2) Importer(815301076,1909f56bfc062723c751e8b465ee728b)  -> (artifact id: '53bf98981bb691772ef6766fded03b2c') in 0.024488 seconds
  Import took 0.027818 seconds .

========================================================================
Received Import Request.
  Time since last request: 18.031472 seconds.
  path: Assets/Art/Images/art-8x56-56x48.png
  artifactKey: Guid(c35122db79ed14275b8a9a701a0042e2) Importer(815301076,1909f56bfc062723c751e8b465ee728b)
Start importing Assets/Art/Images/art-8x56-56x48.png using Guid(c35122db79ed14275b8a9a701a0042e2) Importer(815301076,1909f56bfc062723c751e8b465ee728b)  -> (artifact id: '08177b6d78f4f70b117fc971dd6a8713') in 0.036655 seconds
  Import took 0.040140 seconds .

========================================================================
Received Import Request.
  Time since last request: 114.881122 seconds.
  path: Assets/TextMesh Pro/Examples & Extras/Textures/Sunny Days - Seamless.jpg
  artifactKey: Guid(17c350171f7a3ca479f830547c66d187) Importer(815301076,1909f56bfc062723c751e8b465ee728b)
Start importing Assets/TextMesh Pro/Examples & Extras/Textures/Sunny Days - Seamless.jpg using Guid(17c350171f7a3ca479f830547c66d187) Importer(815301076,1909f56bfc062723c751e8b465ee728b)  -> (artifact id: '9832e3a9813e28b1d14e6ace4a9d3e28') in 0.047983 seconds
  Import took 0.051622 seconds .

========================================================================
Received Import Request.
  Time since last request: 0.000264 seconds.
  path: Assets/TextMesh Pro/Examples & Extras/Textures/Wipe Pattern - Radial Quad.psd
  artifactKey: Guid(2b5e9ae96c5644d8bae932f8b4ca68a2) Importer(815301076,1909f56bfc062723c751e8b465ee728b)
Start importing Assets/TextMesh Pro/Examples & Extras/Textures/Wipe Pattern - Radial Quad.psd using Guid(2b5e9ae96c5644d8bae932f8b4ca68a2) Importer(815301076,1909f56bfc062723c751e8b465ee728b)  -> (artifact id: 'dcb0b05f4fa2ee50d420f825e776f165') in 0.033878 seconds
  Import took 0.036628 seconds .

========================================================================
Received Import Request.
  Time since last request: 0.000276 seconds.
  path: Assets/TextMesh Pro/Examples & Extras/Textures/Wipe Pattern - Circle.psd
  artifactKey: Guid(10c49fcd9c64421db7c0133e61e55f97) Importer(815301076,1909f56bfc062723c751e8b465ee728b)
Start importing Assets/TextMesh Pro/Examples & Extras/Textures/Wipe Pattern - Circle.psd using Guid(10c49fcd9c64421db7c0133e61e55f97) Importer(815301076,1909f56bfc062723c751e8b465ee728b)  -> (artifact id: '738618e67f47be511a599ebb8fda7558') in 0.031910 seconds
  Import took 0.034793 seconds .

========================================================================
Received Import Request.
  Time since last request: 0.000385 seconds.
  path: Assets/TextMesh Pro/Examples & Extras/Textures/Text Overflow - Linked Text Image 1.png
  artifactKey: Guid(4ccf43d26c4748c792174516f4a8fcef) Importer(815301076,1909f56bfc062723c751e8b465ee728b)
Start importing Assets/TextMesh Pro/Examples & Extras/Textures/Text Overflow - Linked Text Image 1.png using Guid(4ccf43d26c4748c792174516f4a8fcef) Importer(815301076,1909f56bfc062723c751e8b465ee728b)  -> (artifact id: 'ed66d10b3dab9cd1ada7b2d3830dbf03') in 0.032345 seconds
  Import took 0.036138 seconds .

========================================================================
Received Import Request.
  Time since last request: 0.000279 seconds.
  path: Assets/TextMesh Pro/Examples & Extras/Textures/Wipe Pattern - Diagonal.psd
  artifactKey: Guid(ed5290d8df18488780e2996b9b882f01) Importer(815301076,1909f56bfc062723c751e8b465ee728b)
Start importing Assets/TextMesh Pro/Examples & Extras/Textures/Wipe Pattern - Diagonal.psd using Guid(ed5290d8df18488780e2996b9b882f01) Importer(815301076,1909f56bfc062723c751e8b465ee728b)  -> (artifact id: 'c64a2986f750400995cc8ddf63a835ea') in 0.028827 seconds
  Import took 0.032397 seconds .

========================================================================
Received Import Request.
  Time since last request: 0.000264 seconds.
  path: Assets/TextMesh Pro/Examples & Extras/Textures/Wipe Pattern - Radial Double.psd
  artifactKey: Guid(7631f4eff8f74ed38eb3eb9db17134e1) Importer(815301076,1909f56bfc062723c751e8b465ee728b)
Start importing Assets/TextMesh Pro/Examples & Extras/Textures/Wipe Pattern - Radial Double.psd using Guid(7631f4eff8f74ed38eb3eb9db17134e1) Importer(815301076,1909f56bfc062723c751e8b465ee728b)  -> (artifact id: '5ec1bb2e3c6d94f4f0f581b80920b2cc') in 0.019374 seconds
  Import took 0.022985 seconds .

========================================================================
Received Import Request.
  Time since last request: 55.729245 seconds.
  path: Assets/Art/Images/spikedownnew.png
  artifactKey: Guid(8c47d582060bf477c9dbc6995f6c2f89) Importer(815301076,1909f56bfc062723c751e8b465ee728b)
Start importing Assets/Art/Images/spikedownnew.png using Guid(8c47d582060bf477c9dbc6995f6c2f89) Importer(815301076,1909f56bfc062723c751e8b465ee728b)  -> (artifact id: 'd04927db265411ade1d093db6d633339') in 0.008538 seconds
  Import took 0.011527 seconds .

========================================================================
Received Import Request.
  Time since last request: 20.481237 seconds.
  path: Assets/Art/Images/spikeleftnew.png
  artifactKey: Guid(6734981a3f4b64f589b710e89ab67b52) Importer(815301076,1909f56bfc062723c751e8b465ee728b)
Start importing Assets/Art/Images/spikeleftnew.png using Guid(6734981a3f4b64f589b710e89ab67b52) Importer(815301076,1909f56bfc062723c751e8b465ee728b)  -> (artifact id: '331bd8d7b96ad9f1d6aa4ef8eb8a80f4') in 0.009231 seconds
  Import took 0.012391 seconds .

========================================================================
Received Import Request.
  Time since last request: 21.818512 seconds.
  path: Assets/Art/Images/spikerightnew.png
  artifactKey: Guid(da28f50e6780543eda75669c973236c1) Importer(815301076,1909f56bfc062723c751e8b465ee728b)
Start importing Assets/Art/Images/spikerightnew.png using Guid(da28f50e6780543eda75669c973236c1) Importer(815301076,1909f56bfc062723c751e8b465ee728b)  -> (artifact id: 'da68267c04ddc67a5e06a4d14b008708') in 0.010657 seconds
  Import took 0.013871 seconds .

========================================================================
Received Import Request.
  Time since last request: 24.965350 seconds.
  path: Assets/Art/Images/spikeupnew.png
  artifactKey: Guid(9d5501f0575e74ac38ad29342c6d2786) Importer(815301076,1909f56bfc062723c751e8b465ee728b)
Start importing Assets/Art/Images/spikeupnew.png using Guid(9d5501f0575e74ac38ad29342c6d2786) Importer(815301076,1909f56bfc062723c751e8b465ee728b)  -> (artifact id: 'ff3510be1f8e440eafac44a2ea27b062') in 0.009527 seconds
  Import took 0.012669 seconds .

========================================================================
Received Prepare
Registering precompiled user dll's ...
Registered in 0.004422 seconds.
Begin MonoManager ReloadAssembly
Native extension for LinuxStandalone target not found
Native extension for WindowsStandalone target not found
Native extension for OSXStandalone target not found
Native extension for WebGL target not found
Refreshing native plugins compatible for Editor in 0.37 ms, found 1 plugins.
Preloading 0 native plugins for Editor in 0.00 ms.
Invoked RoslynAnalysisRunner static constructor.
RoslynAnalysisRunner will not be running.
RoslynAnalysisRunner has terminated.
Mono: successfully reloaded assembly
- Completed reload, in  0.872 seconds
Platform modules already initialized, skipping
Refreshing native plugins compatible for Editor in 0.37 ms, found 1 plugins.
Preloading 0 native plugins for Editor in 0.00 ms.
Unloading 2017 Unused Serialized files (Serialized files now loaded: 0)
System memory in use before: 96.0 MB.
System memory in use after: 96.1 MB.

Unloading 14 unused Assets to reduce memory usage. Loaded Objects now: 2529.
Total: 1.697200 ms (FindLiveObjects: 0.162100 ms CreateObjectMapping: 0.071000 ms MarkObjects: 1.448100 ms  DeleteObjects: 0.014800 ms)

========================================================================
Received Prepare
Registering precompiled user dll's ...
Registered in 0.003816 seconds.
Begin MonoManager ReloadAssembly
Native extension for LinuxStandalone target not found
Native extension for WindowsStandalone target not found
Native extension for OSXStandalone target not found
Native extension for WebGL target not found
Refreshing native plugins compatible for Editor in 0.37 ms, found 1 plugins.
Preloading 0 native plugins for Editor in 0.00 ms.
Invoked RoslynAnalysisRunner static constructor.
RoslynAnalysisRunner will not be running.
RoslynAnalysisRunner has terminated.
Mono: successfully reloaded assembly
- Completed reload, in  0.861 seconds
Platform modules already initialized, skipping
Refreshing native plugins compatible for Editor in 0.38 ms, found 1 plugins.
Preloading 0 native plugins for Editor in 0.00 ms.
Unloading 2017 Unused Serialized files (Serialized files now loaded: 0)
System memory in use before: 96.0 MB.
System memory in use after: 96.1 MB.

Unloading 14 unused Assets to reduce memory usage. Loaded Objects now: 2533.
Total: 1.732300 ms (FindLiveObjects: 0.163400 ms CreateObjectMapping: 0.074300 ms MarkObjects: 1.478900 ms  DeleteObjects: 0.014800 ms)

========================================================================
Received Prepare
Registering precompiled user dll's ...
Registered in 0.005698 seconds.
Begin MonoManager ReloadAssembly
Can't find custom attr constructor image: D:\Unity\Jam Games\Relay-Jam-1-Take-Two\Relay Jam #1 Unity Project\Assets\ChipReed\Editor\BeepHelper\ChipReedBeepHelper.dll mtoken: 0x0a00000b due to: Could not resolve type with token 0100000c (from typeref, class/assembly System.Runtime.Versioning.SupportedOSPlatformAttribute, System.Runtime, Version=5.0.0.0, Culture=neutral, PublicKeyToken=b03f5f7f11d50a3a) assembly:System.Runtime, Version=5.0.0.0, Culture=neutral, PublicKeyToken=b03f5f7f11d50a3a type:System.Runtime.Versioning.SupportedOSPlatformAttribute member:(null) signature:<none>
Native extension for LinuxStandalone target not found
Native extension for WindowsStandalone target not found
Native extension for OSXStandalone target not found
Native extension for WebGL target not found
Refreshing native plugins compatible for Editor in 0.42 ms, found 1 plugins.
Preloading 0 native plugins for Editor in 0.00 ms.
Invoked RoslynAnalysisRunner static constructor.
RoslynAnalysisRunner will not be running.
RoslynAnalysisRunner has terminated.
Mono: successfully reloaded assembly
- Completed reload, in  1.001 seconds
Platform modules already initialized, skipping
Refreshing native plugins compatible for Editor in 0.58 ms, found 1 plugins.
Preloading 0 native plugins for Editor in 0.00 ms.
Unloading 2034 Unused Serialized files (Serialized files now loaded: 0)
System memory in use before: 96.5 MB.
System memory in use after: 96.6 MB.

Unloading 15 unused Assets to reduce memory usage. Loaded Objects now: 2553.
Total: 1.982200 ms (FindLiveObjects: 0.185200 ms CreateObjectMapping: 0.106600 ms MarkObjects: 1.669500 ms  DeleteObjects: 0.019600 ms)

========================================================================
Received Import Request.
  Time since last request: 419.362827 seconds.
  path: Assets/ChipReed
  artifactKey: Guid(960d90685b24bc14f9707bf9f7bddccc) Importer(815301076,1909f56bfc062723c751e8b465ee728b)
Start importing Assets/ChipReed using Guid(960d90685b24bc14f9707bf9f7bddccc) Importer(815301076,1909f56bfc062723c751e8b465ee728b)  -> (artifact id: 'c8d1690d174fd4cbfb608e76b864cd8c') in 0.008357 seconds
  Import took 0.011351 seconds .

========================================================================
Received Import Request.
  Time since last request: 1.622867 seconds.
  path: Assets/ChipReed/Scenes
  artifactKey: Guid(ac5d912d74ca5144fa36869b0e15c6b9) Importer(815301076,1909f56bfc062723c751e8b465ee728b)
Start importing Assets/ChipReed/Scenes using Guid(ac5d912d74ca5144fa36869b0e15c6b9) Importer(815301076,1909f56bfc062723c751e8b465ee728b)  -> (artifact id: 'd4df232d9b5d3c59f8c9a8727e6a3a76') in 0.004936 seconds
  Import took 0.008099 seconds .

========================================================================
Received Import Request.
  Time since last request: 0.960943 seconds.
  path: Assets/ChipReed/Scenes/Demo.unity
  artifactKey: Guid(d1c3109bdb54ad54c8a2b2838528e640) Importer(815301076,1909f56bfc062723c751e8b465ee728b)
Start importing Assets/ChipReed/Scenes/Demo.unity using Guid(d1c3109bdb54ad54c8a2b2838528e640) Importer(815301076,1909f56bfc062723c751e8b465ee728b)  -> (artifact id: '2222582e6d99b042315ef14d104e8a45') in 0.014306 seconds
  Import took 0.017488 seconds .

========================================================================
Received Prepare
Registering precompiled user dll's ...
Registered in 0.004801 seconds.
Begin MonoManager ReloadAssembly
Can't find custom attr constructor image: D:\Unity\Jam Games\Relay-Jam-1-Take-Two\Relay Jam #1 Unity Project\Assets\ChipReed\Editor\BeepHelper\ChipReedBeepHelper.dll mtoken: 0x0a00000b due to: Could not resolve type with token 0100000c (from typeref, class/assembly System.Runtime.Versioning.SupportedOSPlatformAttribute, System.Runtime, Version=5.0.0.0, Culture=neutral, PublicKeyToken=b03f5f7f11d50a3a) assembly:System.Runtime, Version=5.0.0.0, Culture=neutral, PublicKeyToken=b03f5f7f11d50a3a type:System.Runtime.Versioning.SupportedOSPlatformAttribute member:(null) signature:<none>
Native extension for LinuxStandalone target not found
Native extension for WindowsStandalone target not found
Native extension for OSXStandalone target not found
Native extension for WebGL target not found
Refreshing native plugins compatible for Editor in 0.39 ms, found 1 plugins.
Preloading 0 native plugins for Editor in 0.00 ms.
Invoked RoslynAnalysisRunner static constructor.
RoslynAnalysisRunner will not be running.
RoslynAnalysisRunner has terminated.
Mono: successfully reloaded assembly
- Completed reload, in  0.830 seconds
Platform modules already initialized, skipping
Refreshing native plugins compatible for Editor in 0.39 ms, found 1 plugins.
Preloading 0 native plugins for Editor in 0.00 ms.
Unloading 2034 Unused Serialized files (Serialized files now loaded: 0)
System memory in use before: 96.5 MB.
System memory in use after: 96.6 MB.

Unloading 15 unused Assets to reduce memory usage. Loaded Objects now: 2557.
Total: 1.776200 ms (FindLiveObjects: 0.210400 ms CreateObjectMapping: 0.068000 ms MarkObjects: 1.481100 ms  DeleteObjects: 0.015900 ms)

========================================================================
Received Prepare
Registering precompiled user dll's ...
Registered in 0.005327 seconds.
Begin MonoManager ReloadAssembly
Can't find custom attr constructor image: D:\Unity\Jam Games\Relay-Jam-1-Take-Two\Relay Jam #1 Unity Project\Assets\ChipReed\Editor\BeepHelper\ChipReedBeepHelper.dll mtoken: 0x0a00000b due to: Could not resolve type with token 0100000c (from typeref, class/assembly System.Runtime.Versioning.SupportedOSPlatformAttribute, System.Runtime, Version=5.0.0.0, Culture=neutral, PublicKeyToken=b03f5f7f11d50a3a) assembly:System.Runtime, Version=5.0.0.0, Culture=neutral, PublicKeyToken=b03f5f7f11d50a3a type:System.Runtime.Versioning.SupportedOSPlatformAttribute member:(null) signature:<none>
Native extension for LinuxStandalone target not found
Native extension for WindowsStandalone target not found
Native extension for OSXStandalone target not found
Native extension for WebGL target not found
Refreshing native plugins compatible for Editor in 0.45 ms, found 1 plugins.
Preloading 0 native plugins for Editor in 0.00 ms.
Invoked RoslynAnalysisRunner static constructor.
RoslynAnalysisRunner will not be running.
RoslynAnalysisRunner has terminated.
Mono: successfully reloaded assembly
- Completed reload, in  0.833 seconds
Platform modules already initialized, skipping
Refreshing native plugins compatible for Editor in 0.40 ms, found 1 plugins.
Preloading 0 native plugins for Editor in 0.00 ms.
Unloading 2034 Unused Serialized files (Serialized files now loaded: 0)
System memory in use before: 96.5 MB.
System memory in use after: 96.6 MB.

Unloading 15 unused Assets to reduce memory usage. Loaded Objects now: 2561.
Total: 2.207700 ms (FindLiveObjects: 0.230800 ms CreateObjectMapping: 0.097500 ms MarkObjects: 1.860400 ms  DeleteObjects: 0.018100 ms)

========================================================================
Received Import Request.
  Time since last request: 164.917897 seconds.
  path: Assets/ChipReed/Materials
  artifactKey: Guid(9e55dd2a52397f24eb0d779531c7bf63) Importer(815301076,1909f56bfc062723c751e8b465ee728b)
Start importing Assets/ChipReed/Materials using Guid(9e55dd2a52397f24eb0d779531c7bf63) Importer(815301076,1909f56bfc062723c751e8b465ee728b)  -> (artifact id: 'ab914bcf811a3ce0e0494ae6c65bf7ec') in 0.007275 seconds
  Import took 0.010242 seconds .

========================================================================
Received Import Request.
  Time since last request: 0.050082 seconds.
  path: Assets/ChipReed/Materials/Circle.png
  artifactKey: Guid(003ebcfbb31218244af2dd4fbd5bbe82) Importer(815301076,1909f56bfc062723c751e8b465ee728b)
Start importing Assets/ChipReed/Materials/Circle.png using Guid(003ebcfbb31218244af2dd4fbd5bbe82) Importer(815301076,1909f56bfc062723c751e8b465ee728b)  -> (artifact id: '97e59376a56222b4a06d7c70398f2d4e') in 0.064435 seconds
  Import took 0.067522 seconds .

========================================================================
Received Import Request.
  Time since last request: 0.000246 seconds.
  path: Assets/ChipReed/Materials/Wave Visualizer Tex.renderTexture
  artifactKey: Guid(400257e1feb49c74f999c6c650612292) Importer(815301076,1909f56bfc062723c751e8b465ee728b)
Start importing Assets/ChipReed/Materials/Wave Visualizer Tex.renderTexture using Guid(400257e1feb49c74f999c6c650612292) Importer(815301076,1909f56bfc062723c751e8b465ee728b)  -> (artifact id: 'f0e3f910e46433d5b123bbb017b917ad') in 0.019529 seconds
  Import took 0.022342 seconds .

========================================================================
Received Import Request.
  Time since last request: 0.000240 seconds.
  path: Assets/ChipReed/Materials/EnvelopeIcon.png
  artifactKey: Guid(8f1198df1a72ca94ba9947db8e571ac7) Importer(815301076,1909f56bfc062723c751e8b465ee728b)
Start importing Assets/ChipReed/Materials/EnvelopeIcon.png using Guid(8f1198df1a72ca94ba9947db8e571ac7) Importer(815301076,1909f56bfc062723c751e8b465ee728b)  -> (artifact id: '6edd47232867622059a94b98d1457bcc') in 0.010339 seconds
  Import took 0.013255 seconds .

========================================================================
Received Import Request.
  Time since last request: 0.000257 seconds.
  path: Assets/ChipReed/Materials/Line.mat
  artifactKey: Guid(9144f62166660214995fc98a2053f895) Importer(815301076,1909f56bfc062723c751e8b465ee728b)
Start importing Assets/ChipReed/Materials/Line.mat using Guid(9144f62166660214995fc98a2053f895) Importer(815301076,1909f56bfc062723c751e8b465ee728b)  -> (artifact id: '17bb289cb48bb29f714cd4721b5d11fd') in 0.036152 seconds
  Import took 0.038903 seconds .

========================================================================
Received Import Request.
  Time since last request: 0.000263 seconds.
  path: Assets/ChipReed/Materials/NoteIcons.png
  artifactKey: Guid(38c256128acd9d64bbd6c804e3e31ccb) Importer(815301076,1909f56bfc062723c751e8b465ee728b)
Start importing Assets/ChipReed/Materials/NoteIcons.png using Guid(38c256128acd9d64bbd6c804e3e31ccb) Importer(815301076,1909f56bfc062723c751e8b465ee728b)  -> (artifact id: '10a93017129537f6b10e023ec6e3001e') in 0.009887 seconds
  Import took 0.012779 seconds .

========================================================================
Received Import Request.
  Time since last request: 0.000280 seconds.
  path: Assets/ChipReed/Materials/NoteIconMulti.png
  artifactKey: Guid(bcca1b66d23852441b0be650a1a51b1e) Importer(815301076,1909f56bfc062723c751e8b465ee728b)
Start importing Assets/ChipReed/Materials/NoteIconMulti.png using Guid(bcca1b66d23852441b0be650a1a51b1e) Importer(815301076,1909f56bfc062723c751e8b465ee728b)  -> (artifact id: '3a85ebcc43b885214e9c9641baaa211d') in 0.009728 seconds
  Import took 0.012578 seconds .

========================================================================
Received Import Request.
  Time since last request: 9.636571 seconds.
  path: Assets/ChipReed/Materials/LineNonURP.mat
  artifactKey: Guid(c74bb63b69a085b4e8c97838aa5f92f6) Importer(815301076,1909f56bfc062723c751e8b465ee728b)
Start importing Assets/ChipReed/Materials/LineNonURP.mat using Guid(c74bb63b69a085b4e8c97838aa5f92f6) Importer(815301076,1909f56bfc062723c751e8b465ee728b)  -> (artifact id: '5909b9ff4e178640539aaa571869fbb9') in 0.012695 seconds
  Import took 0.015831 seconds .

========================================================================
Received Import Request.
  Time since last request: 62.944626 seconds.
  path: Assets/ChipReed/Materials/LineNonURP.mat
  artifactKey: Guid(c74bb63b69a085b4e8c97838aa5f92f6) Importer(815301076,1909f56bfc062723c751e8b465ee728b)
Start importing Assets/ChipReed/Materials/LineNonURP.mat using Guid(c74bb63b69a085b4e8c97838aa5f92f6) Importer(815301076,1909f56bfc062723c751e8b465ee728b)  -> (artifact id: '9a1eae83bde051bf238938c7dbcc9fa6') in 0.012683 seconds
  Import took 0.016046 seconds .

========================================================================
Received Prepare
Registering precompiled user dll's ...
Registered in 0.004572 seconds.
Begin MonoManager ReloadAssembly
Can't find custom attr constructor image: D:\Unity\Jam Games\Relay-Jam-1-Take-Two\Relay Jam #1 Unity Project\Assets\ChipReed\Editor\BeepHelper\ChipReedBeepHelper.dll mtoken: 0x0a00000b due to: Could not resolve type with token 0100000c (from typeref, class/assembly System.Runtime.Versioning.SupportedOSPlatformAttribute, System.Runtime, Version=5.0.0.0, Culture=neutral, PublicKeyToken=b03f5f7f11d50a3a) assembly:System.Runtime, Version=5.0.0.0, Culture=neutral, PublicKeyToken=b03f5f7f11d50a3a type:System.Runtime.Versioning.SupportedOSPlatformAttribute member:(null) signature:<none>
Native extension for LinuxStandalone target not found
Native extension for WindowsStandalone target not found
Native extension for OSXStandalone target not found
Native extension for WebGL target not found
Refreshing native plugins compatible for Editor in 0.39 ms, found 1 plugins.
Preloading 0 native plugins for Editor in 0.00 ms.
Invoked RoslynAnalysisRunner static constructor.
RoslynAnalysisRunner will not be running.
RoslynAnalysisRunner has terminated.
Mono: successfully reloaded assembly
- Completed reload, in  0.824 seconds
Platform modules already initialized, skipping
Refreshing native plugins compatible for Editor in 0.39 ms, found 1 plugins.
Preloading 0 native plugins for Editor in 0.00 ms.
Unloading 2034 Unused Serialized files (Serialized files now loaded: 0)
System memory in use before: 96.9 MB.
System memory in use after: 97.0 MB.

Unloading 15 unused Assets to reduce memory usage. Loaded Objects now: 2605.
Total: 1.872300 ms (FindLiveObjects: 0.193300 ms CreateObjectMapping: 0.075800 ms MarkObjects: 1.586700 ms  DeleteObjects: 0.015600 ms)

========================================================================
Received Prepare
Registering precompiled user dll's ...
Registered in 0.005172 seconds.
Begin MonoManager ReloadAssembly
Can't find custom attr constructor image: D:\Unity\Jam Games\Relay-Jam-1-Take-Two\Relay Jam #1 Unity Project\Assets\ChipReed\Editor\BeepHelper\ChipReedBeepHelper.dll mtoken: 0x0a00000b due to: Could not resolve type with token 0100000c (from typeref, class/assembly System.Runtime.Versioning.SupportedOSPlatformAttribute, System.Runtime, Version=5.0.0.0, Culture=neutral, PublicKeyToken=b03f5f7f11d50a3a) assembly:System.Runtime, Version=5.0.0.0, Culture=neutral, PublicKeyToken=b03f5f7f11d50a3a type:System.Runtime.Versioning.SupportedOSPlatformAttribute member:(null) signature:<none>
Native extension for LinuxStandalone target not found
Native extension for WindowsStandalone target not found
Native extension for OSXStandalone target not found
Native extension for WebGL target not found
Refreshing native plugins compatible for Editor in 0.38 ms, found 1 plugins.
Preloading 0 native plugins for Editor in 0.00 ms.
Invoked RoslynAnalysisRunner static constructor.
RoslynAnalysisRunner will not be running.
RoslynAnalysisRunner has terminated.
Mono: successfully reloaded assembly
- Completed reload, in  0.824 seconds
Platform modules already initialized, skipping
Refreshing native plugins compatible for Editor in 0.39 ms, found 1 plugins.
Preloading 0 native plugins for Editor in 0.00 ms.
Unloading 2034 Unused Serialized files (Serialized files now loaded: 0)
System memory in use before: 96.9 MB.
System memory in use after: 97.0 MB.

Unloading 15 unused Assets to reduce memory usage. Loaded Objects now: 2609.
Total: 1.891500 ms (FindLiveObjects: 0.169500 ms CreateObjectMapping: 0.078600 ms MarkObjects: 1.627700 ms  DeleteObjects: 0.015000 ms)

========================================================================
Received Prepare
Registering precompiled user dll's ...
Registered in 0.004234 seconds.
Begin MonoManager ReloadAssembly
Can't find custom attr constructor image: D:\Unity\Jam Games\Relay-Jam-1-Take-Two\Relay Jam #1 Unity Project\Assets\ChipReed\Editor\BeepHelper\ChipReedBeepHelper.dll mtoken: 0x0a00000b due to: Could not resolve type with token 0100000c (from typeref, class/assembly System.Runtime.Versioning.SupportedOSPlatformAttribute, System.Runtime, Version=5.0.0.0, Culture=neutral, PublicKeyToken=b03f5f7f11d50a3a) assembly:System.Runtime, Version=5.0.0.0, Culture=neutral, PublicKeyToken=b03f5f7f11d50a3a type:System.Runtime.Versioning.SupportedOSPlatformAttribute member:(null) signature:<none>
Native extension for LinuxStandalone target not found
Native extension for WindowsStandalone target not found
Native extension for OSXStandalone target not found
Native extension for WebGL target not found
Refreshing native plugins compatible for Editor in 0.38 ms, found 1 plugins.
Preloading 0 native plugins for Editor in 0.00 ms.
Invoked RoslynAnalysisRunner static constructor.
RoslynAnalysisRunner will not be running.
RoslynAnalysisRunner has terminated.
Mono: successfully reloaded assembly
- Completed reload, in  0.839 seconds
Platform modules already initialized, skipping
Refreshing native plugins compatible for Editor in 0.39 ms, found 1 plugins.
Preloading 0 native plugins for Editor in 0.00 ms.
Unloading 2034 Unused Serialized files (Serialized files now loaded: 0)
System memory in use before: 96.9 MB.
System memory in use after: 97.0 MB.

Unloading 15 unused Assets to reduce memory usage. Loaded Objects now: 2613.
Total: 1.734000 ms (FindLiveObjects: 0.181700 ms CreateObjectMapping: 0.069400 ms MarkObjects: 1.447500 ms  DeleteObjects: 0.034600 ms)

========================================================================
Received Import Request.
  Time since last request: 339.630384 seconds.
  path: Assets/ChipReed/AD Envelopes
  artifactKey: Guid(3386800d509e5014a99eb6921e33c74d) Importer(815301076,1909f56bfc062723c751e8b465ee728b)
Start importing Assets/ChipReed/AD Envelopes using Guid(3386800d509e5014a99eb6921e33c74d) Importer(815301076,1909f56bfc062723c751e8b465ee728b)  -> (artifact id: '116239f5de376753bc616439d179696e') in 0.008951 seconds
  Import took 0.012018 seconds .

========================================================================
Received Import Request.
  Time since last request: 0.033777 seconds.
  path: Assets/ChipReed/AD Envelopes/Fade In Fast.asset
  artifactKey: Guid(967b9e333e20734438fe5221d3d4ca81) Importer(815301076,1909f56bfc062723c751e8b465ee728b)
Start importing Assets/ChipReed/AD Envelopes/Fade In Fast.asset using Guid(967b9e333e20734438fe5221d3d4ca81) Importer(815301076,1909f56bfc062723c751e8b465ee728b)  -> (artifact id: '646aec2f4eedcb5203cc59f9c14909b0') in 0.014549 seconds
  Import took 0.017594 seconds .

========================================================================
Received Import Request.
  Time since last request: 0.000251 seconds.
  path: Assets/ChipReed/AD Envelopes/Med Hit.asset
  artifactKey: Guid(4f28486d81d838f4b979a5f9e80898b2) Importer(815301076,1909f56bfc062723c751e8b465ee728b)
Start importing Assets/ChipReed/AD Envelopes/Med Hit.asset using Guid(4f28486d81d838f4b979a5f9e80898b2) Importer(815301076,1909f56bfc062723c751e8b465ee728b)  -> (artifact id: 'ce15420398a5c9f77c53631359c61004') in 0.005196 seconds
  Import took 0.008170 seconds .

========================================================================
Received Import Request.
  Time since last request: 0.000364 seconds.
  path: Assets/ChipReed/AD Envelopes/Med Short Hit.asset
  artifactKey: Guid(263392ef5b8d09e4d8121b163040cdeb) Importer(815301076,1909f56bfc062723c751e8b465ee728b)
Start importing Assets/ChipReed/AD Envelopes/Med Short Hit.asset using Guid(263392ef5b8d09e4d8121b163040cdeb) Importer(815301076,1909f56bfc062723c751e8b465ee728b)  -> (artifact id: 'abe749bbc0912703680eb3e2a6824da6') in 0.005851 seconds
  Import took 0.008842 seconds .

========================================================================
Received Import Request.
  Time since last request: 0.000310 seconds.
  path: Assets/ChipReed/AD Envelopes/Short Hit.asset
  artifactKey: Guid(c6da5a2bab4d15249aa828a466d4349a) Importer(815301076,1909f56bfc062723c751e8b465ee728b)
Start importing Assets/ChipReed/AD Envelopes/Short Hit.asset using Guid(c6da5a2bab4d15249aa828a466d4349a) Importer(815301076,1909f56bfc062723c751e8b465ee728b)  -> (artifact id: '2379364be45aea25f1f8f87f0c7cb6c0') in 0.005548 seconds
  Import took 0.008472 seconds .

========================================================================
Received Import Request.
  Time since last request: 0.000250 seconds.
  path: Assets/ChipReed/AD Envelopes/None.asset
  artifactKey: Guid(9981e8c98e456b34ab24747904497360) Importer(815301076,1909f56bfc062723c751e8b465ee728b)
Start importing Assets/ChipReed/AD Envelopes/None.asset using Guid(9981e8c98e456b34ab24747904497360) Importer(815301076,1909f56bfc062723c751e8b465ee728b)  -> (artifact id: 'f850ae682bdc67101558ba683c4b9f5c') in 0.005152 seconds
  Import took 0.007898 seconds .

========================================================================
Received Import Request.
  Time since last request: 0.000267 seconds.
  path: Assets/ChipReed/AD Envelopes/Long Decay.asset
  artifactKey: Guid(3d6a3a3ce27ea87419da557058df0a4f) Importer(815301076,1909f56bfc062723c751e8b465ee728b)
Start importing Assets/ChipReed/AD Envelopes/Long Decay.asset using Guid(3d6a3a3ce27ea87419da557058df0a4f) Importer(815301076,1909f56bfc062723c751e8b465ee728b)  -> (artifact id: '68033c0eae3e66a8c88e23be930fd5fd') in 0.005580 seconds
  Import took 0.008632 seconds .

========================================================================
Received Import Request.
  Time since last request: 2.646472 seconds.
  path: Assets/ChipReed/Tracks
  artifactKey: Guid(85473cefa93eb3c4e93e9cff84ff6172) Importer(815301076,1909f56bfc062723c751e8b465ee728b)
Start importing Assets/ChipReed/Tracks using Guid(85473cefa93eb3c4e93e9cff84ff6172) Importer(815301076,1909f56bfc062723c751e8b465ee728b)  -> (artifact id: '1a65344256c659350c1dbf22ebb7b2e4') in 0.006001 seconds
  Import took 0.009130 seconds .

========================================================================
Received Import Request.
  Time since last request: 0.902732 seconds.
  path: Assets/ChipReed/Tracks/Demo Track
  artifactKey: Guid(602c1a5085d01874cbf8d8c442eb1922) Importer(815301076,1909f56bfc062723c751e8b465ee728b)
Start importing Assets/ChipReed/Tracks/Demo Track using Guid(602c1a5085d01874cbf8d8c442eb1922) Importer(815301076,1909f56bfc062723c751e8b465ee728b)  -> (artifact id: 'ed6b529d20a379835b87c7756b647347') in 0.005872 seconds
  Import took 0.008759 seconds .

========================================================================
Received Import Request.
  Time since last request: 0.050894 seconds.
  path: Assets/ChipReed/Tracks/Demo Track/Arp Track.asset
  artifactKey: Guid(15f9d54373887c3438e3da8461c2664f) Importer(815301076,1909f56bfc062723c751e8b465ee728b)
Start importing Assets/ChipReed/Tracks/Demo Track/Arp Track.asset using Guid(15f9d54373887c3438e3da8461c2664f) Importer(815301076,1909f56bfc062723c751e8b465ee728b)  -> (artifact id: '46c513fc0358c9a45ba7cb97269551c0') in 0.007596 seconds
  Import took 0.010597 seconds .

========================================================================
Received Import Request.
  Time since last request: 0.000228 seconds.
  path: Assets/ChipReed/Tracks/Demo Track/Empty.asset
  artifactKey: Guid(dfeabd0c3dc1589498663cbf5f6c4571) Importer(815301076,1909f56bfc062723c751e8b465ee728b)
Start importing Assets/ChipReed/Tracks/Demo Track/Empty.asset using Guid(dfeabd0c3dc1589498663cbf5f6c4571) Importer(815301076,1909f56bfc062723c751e8b465ee728b)  -> (artifact id: 'e45f496802b9857e19882d646cfa9c67') in 0.005318 seconds
  Import took 0.008343 seconds .

========================================================================
Received Import Request.
  Time since last request: 0.000226 seconds.
  path: Assets/ChipReed/Tracks/Demo Track/ChordBottom.asset
  artifactKey: Guid(aa8648330bbf85242af11717e43d7bfa) Importer(815301076,1909f56bfc062723c751e8b465ee728b)
Start importing Assets/ChipReed/Tracks/Demo Track/ChordBottom.asset using Guid(aa8648330bbf85242af11717e43d7bfa) Importer(815301076,1909f56bfc062723c751e8b465ee728b)  -> (artifact id: 'f41e34142e6c028c5d6dec2d2aa4a52f') in 0.007235 seconds
  Import took 0.010195 seconds .

========================================================================
Received Import Request.
  Time since last request: 0.000256 seconds.
  path: Assets/ChipReed/Tracks/Demo Track/ChordTop.asset
  artifactKey: Guid(a60ce1042b3a9b24ea68ab4ebaf9fac9) Importer(815301076,1909f56bfc062723c751e8b465ee728b)
Start importing Assets/ChipReed/Tracks/Demo Track/ChordTop.asset using Guid(a60ce1042b3a9b24ea68ab4ebaf9fac9) Importer(815301076,1909f56bfc062723c751e8b465ee728b)  -> (artifact id: 'fac2c9da4363ef57bf70a6957c596238') in 0.006357 seconds
  Import took 0.009518 seconds .

========================================================================
Received Import Request.
  Time since last request: 0.000266 seconds.
  path: Assets/ChipReed/Tracks/Demo Track/Bass Track Long.asset
  artifactKey: Guid(47b11c70947189d44ae768615e4aaf6c) Importer(815301076,1909f56bfc062723c751e8b465ee728b)
Start importing Assets/ChipReed/Tracks/Demo Track/Bass Track Long.asset using Guid(47b11c70947189d44ae768615e4aaf6c) Importer(815301076,1909f56bfc062723c751e8b465ee728b)  -> (artifact id: '0824269df080a303bd2342ccd8b7c2f8') in 0.006394 seconds
  Import took 0.009338 seconds .

========================================================================
Received Import Request.
  Time since last request: 0.000233 seconds.
  path: Assets/ChipReed/Tracks/Demo Track/Percussion.asset
  artifactKey: Guid(22c053c0cbff6824f939102e56904a3c) Importer(815301076,1909f56bfc062723c751e8b465ee728b)
Start importing Assets/ChipReed/Tracks/Demo Track/Percussion.asset using Guid(22c053c0cbff6824f939102e56904a3c) Importer(815301076,1909f56bfc062723c751e8b465ee728b)  -> (artifact id: '0744c4d5780c39780bcb26b25c914ba6') in 0.006040 seconds
  Import took 0.008906 seconds .

========================================================================
Received Import Request.
  Time since last request: 0.000255 seconds.
  path: Assets/ChipReed/Tracks/Demo Track/Bass Track.asset
  artifactKey: Guid(cede1609610e95746a19f41e0b3c3a99) Importer(815301076,1909f56bfc062723c751e8b465ee728b)
Start importing Assets/ChipReed/Tracks/Demo Track/Bass Track.asset using Guid(cede1609610e95746a19f41e0b3c3a99) Importer(815301076,1909f56bfc062723c751e8b465ee728b)  -> (artifact id: '575857b69bf2f73ab46a76a524f2fda0') in 0.006176 seconds
  Import took 0.008939 seconds .

========================================================================
Received Import Request.
  Time since last request: 34.105568 seconds.
  path: Assets/ChipReed/Tracks/Demo Track/Empty.asset
  artifactKey: Guid(dfeabd0c3dc1589498663cbf5f6c4571) Importer(815301076,1909f56bfc062723c751e8b465ee728b)
Start importing Assets/ChipReed/Tracks/Demo Track/Empty.asset using Guid(dfeabd0c3dc1589498663cbf5f6c4571) Importer(815301076,1909f56bfc062723c751e8b465ee728b)  -> (artifact id: '6f7056ff45cb2cbee7c8f2008dd3dd41') in 0.004832 seconds
  Import took 0.008157 seconds .

