Using pre-set license
Built from '2020.3/release' branch; Version is '2020.3.1f1 (77a89f25062f) revision 7841951'; Using compiler version '192528614'; Build Type 'Release'
OS: 'Windows 10 Home; OS build 19042.1052; Version 2009; 64bit' Language: 'en' Physical Memory: 16177 MB
BatchMode: 1, IsHumanControllingUs: 0, StartBugReporterOnCrash: 0, Is64bit: 1, IsPro: 0

 COMMAND LINE ARGUMENTS:
D:\Unity\2020.3.1f1\Editor\Unity.exe
-adb2
-batchMode
-noUpm
-name
AssetImportWorker1
-projectPath
D:/Desktop/MyJamGames/RJ2/Relay-Jam-1-Take-Two/Relay Jam #1 Unity Project
-logFile
Logs/AssetImportWorker1.log
-srvPort
60802
Successfully changed project path to: D:/Desktop/MyJamGames/RJ2/Relay-Jam-1-Take-Two/Relay Jam #1 Unity Project
D:/Desktop/MyJamGames/RJ2/Relay-Jam-1-Take-Two/Relay Jam #1 Unity Project
Using Asset Import Pipeline V2.
Refreshing native plugins compatible for Editor in 39.60 ms, found 1 plugins.
Preloading 0 native plugins for Editor in 0.00 ms.
Initialize engine version: 2020.3.1f1 (77a89f25062f)
[Subsystems] Discovering subsystems at path D:/Unity/2020.3.1f1/Editor/Data/Resources/UnitySubsystems
[Subsystems] Discovering subsystems at path D:/Desktop/MyJamGames/RJ2/Relay-Jam-1-Take-Two/Relay Jam #1 Unity Project/Assets
GfxDevice: creating device client; threaded=0
Direct3D:
    Version:  Direct3D 11.0 [level 11.1]
    Renderer: NVIDIA GeForce GTX 1060 with Max-Q Design (ID=0x1c20)
    Vendor:   
    VRAM:     6052 MB
    Driver:   27.21.14.6140
Initialize mono
Mono path[0] = 'D:/Unity/2020.3.1f1/Editor/Data/Managed'
Mono path[1] = 'D:/Unity/2020.3.1f1/Editor/Data/MonoBleedingEdge/lib/mono/unityjit'
Mono config path = 'D:/Unity/2020.3.1f1/Editor/Data/MonoBleedingEdge/etc'
Using monoOptions --debugger-agent=transport=dt_socket,embedding=1,server=y,suspend=n,address=127.0.0.1:56560
Begin MonoManager ReloadAssembly
Registering precompiled unity dll's ...
Register platform support module: D:/Unity/2020.3.1f1/Editor/Data/PlaybackEngines/WindowsStandaloneSupport/UnityEditor.WindowsStandalone.Extensions.dll
Registered in 0.001013 seconds.
Native extension for WindowsStandalone target not found
Refreshing native plugins compatible for Editor in 39.46 ms, found 1 plugins.
Preloading 0 native plugins for Editor in 0.00 ms.
Invoked RoslynAnalysisRunner static constructor.
RoslynAnalysisRunner will not be running.
RoslynAnalysisRunner has terminated.
Mono: successfully reloaded assembly
- Completed reload, in  9.875 seconds
Platform modules already initialized, skipping
Registering precompiled user dll's ...
Registered in 0.002448 seconds.
Begin MonoManager ReloadAssembly
Native extension for WindowsStandalone target not found
Refreshing native plugins compatible for Editor in 40.94 ms, found 1 plugins.
Preloading 0 native plugins for Editor in 0.00 ms.
Invoked RoslynAnalysisRunner static constructor.
RoslynAnalysisRunner will not be running.
RoslynAnalysisRunner has terminated.
Mono: successfully reloaded assembly
- Completed reload, in  1.474 seconds
Platform modules already initialized, skipping
========================================================================
Worker process is ready to serve import requests
Launched and connected shader compiler UnityShaderCompiler.exe after 0.24 seconds
Refreshing native plugins compatible for Editor in 0.37 ms, found 1 plugins.
Preloading 0 native plugins for Editor in 0.00 ms.
Unloading 1986 Unused Serialized files (Serialized files now loaded: 0)
System memory in use before: 91.0 MB.
System memory in use after: 91.1 MB.

Unloading 26 unused Assets to reduce memory usage. Loaded Objects now: 2441.
Total: 2.236100 ms (FindLiveObjects: 0.184600 ms CreateObjectMapping: 0.081600 ms MarkObjects: 1.905000 ms  DeleteObjects: 0.063800 ms)

========================================================================
Received Import Request.
  path: Assets/Plugins/Demigiant
  artifactKey: Guid(31999713c988e154e835391c27d3f409) Importer(815301076,1909f56bfc062723c751e8b465ee728b)
Start importing Assets/Plugins/Demigiant using Guid(31999713c988e154e835391c27d3f409) Importer(815301076,1909f56bfc062723c751e8b465ee728b)  -> (artifact id: '2e521dc7d5863d62869f81d0841503ac') in 0.009480 seconds
  Import took 0.012390 seconds .

========================================================================
Received Import Request.
  Time since last request: 0.000316 seconds.
  path: Assets/Scripts/RoomHandler.cs
  artifactKey: Guid(c1f5326c1fad74d6b947297d6d4323bd) Importer(815301076,1909f56bfc062723c751e8b465ee728b)
Start importing Assets/Scripts/RoomHandler.cs using Guid(c1f5326c1fad74d6b947297d6d4323bd) Importer(815301076,1909f56bfc062723c751e8b465ee728b)  -> (artifact id: 'f0937fdd5530889dd222a48f51880ca5') in 0.056410 seconds
  Import took 0.059105 seconds .

========================================================================
Received Import Request.
  Time since last request: 0.000318 seconds.
  path: Assets/Scripts/MouseFollow.cs
  artifactKey: Guid(6787c688659fa442f94a48293ce2dbcf) Importer(815301076,1909f56bfc062723c751e8b465ee728b)
Start importing Assets/Scripts/MouseFollow.cs using Guid(6787c688659fa442f94a48293ce2dbcf) Importer(815301076,1909f56bfc062723c751e8b465ee728b)  -> (artifact id: 'e34b7ba7f9fb64e0516cc66475c4875a') in 0.005806 seconds
  Import took 0.008535 seconds .

========================================================================
Received Import Request.
  Time since last request: 0.000284 seconds.
  path: Assets/Scripts/PlayerHealth.cs
  artifactKey: Guid(bdf2cf290d5b32949925527712465ea4) Importer(815301076,1909f56bfc062723c751e8b465ee728b)
Start importing Assets/Scripts/PlayerHealth.cs using Guid(bdf2cf290d5b32949925527712465ea4) Importer(815301076,1909f56bfc062723c751e8b465ee728b)  -> (artifact id: 'b5ce1006c17658f4b8810c131a373915') in 0.005380 seconds
  Import took 0.008264 seconds .

